  AI.cpp
C:\Users\Vasi\Desktop\New folder (2)\Hotel\Hotel\Visitor.h(10,13): error C2143: syntax error: missing ';' before '*'
C:\Users\Vasi\Desktop\New folder (2)\Hotel\Hotel\Visitor.h(10,13): error C4430: missing type specifier - int assumed. Note: C++ does not support default-int
C:\Users\Vasi\Desktop\New folder (2)\Hotel\Hotel\Visitor.h(10,26): error C2238: unexpected token(s) preceding ';'
C:\Users\Vasi\Desktop\New folder (2)\Hotel\Hotel\Visitor.h(18,39): error C4430: missing type specifier - int assumed. Note: C++ does not support default-int
C:\Users\Vasi\Desktop\New folder (2)\Hotel\Hotel\Visitor.h(18,39): error C2143: syntax error: missing ',' before '&'
C:\Users\Vasi\Desktop\New folder (2)\Hotel\Hotel\Visitor.h(22,19): error C4430: missing type specifier - int assumed. Note: C++ does not support default-int
C:\Users\Vasi\Desktop\New folder (2)\Hotel\Hotel\Visitor.h(22,19): error C2143: syntax error: missing ';' before '*'
C:\Users\Vasi\Desktop\New folder (2)\Hotel\Hotel\Visitor.h(22,43): error C2238: unexpected token(s) preceding ';'
  Hotel.cpp
C:\Users\Vasi\Desktop\New folder (2)\Hotel\Hotel\Reservation.h(9,10): error C3646: 'visitor': unknown override specifier
C:\Users\Vasi\Desktop\New folder (2)\Hotel\Hotel\Reservation.h(9,17): error C4430: missing type specifier - int assumed. Note: C++ does not support default-int
C:\Users\Vasi\Desktop\New folder (2)\Hotel\Hotel\Hotel.cpp(118,20): warning C4018: '<': signed/unsigned mismatch
C:\Users\Vasi\Desktop\New folder (2)\Hotel\Hotel\Hotel.cpp(199,20): warning C4018: '<': signed/unsigned mismatch
C:\Users\Vasi\Desktop\New folder (2)\Hotel\Hotel\Hotel.cpp(222,20): warning C4018: '<': signed/unsigned mismatch
C:\Users\Vasi\Desktop\New folder (2)\Hotel\Hotel\Hotel.cpp(256,20): warning C4018: '<': signed/unsigned mismatch
  Reservation.cpp
C:\Users\Vasi\Desktop\New folder (2)\Hotel\Hotel\Visitor.h(10,13): error C2143: syntax error: missing ';' before '*'
C:\Users\Vasi\Desktop\New folder (2)\Hotel\Hotel\Visitor.h(10,13): error C4430: missing type specifier - int assumed. Note: C++ does not support default-int
C:\Users\Vasi\Desktop\New folder (2)\Hotel\Hotel\Visitor.h(10,26): error C2238: unexpected token(s) preceding ';'
C:\Users\Vasi\Desktop\New folder (2)\Hotel\Hotel\Visitor.h(18,39): error C4430: missing type specifier - int assumed. Note: C++ does not support default-int
C:\Users\Vasi\Desktop\New folder (2)\Hotel\Hotel\Visitor.h(18,39): error C2143: syntax error: missing ',' before '&'
C:\Users\Vasi\Desktop\New folder (2)\Hotel\Hotel\Visitor.h(22,19): error C4430: missing type specifier - int assumed. Note: C++ does not support default-int
C:\Users\Vasi\Desktop\New folder (2)\Hotel\Hotel\Visitor.h(22,19): error C2143: syntax error: missing ';' before '*'
C:\Users\Vasi\Desktop\New folder (2)\Hotel\Hotel\Visitor.h(22,43): error C2238: unexpected token(s) preceding ';'
  Source.cpp
C:\Users\Vasi\Desktop\New folder (2)\Hotel\Hotel\Reservation.h(9,10): error C3646: 'visitor': unknown override specifier
C:\Users\Vasi\Desktop\New folder (2)\Hotel\Hotel\Reservation.h(9,17): error C4430: missing type specifier - int assumed. Note: C++ does not support default-int
  NO.cpp
C:\Users\Vasi\Desktop\New folder (2)\Hotel\Hotel\Visitor.h(10,13): error C2143: syntax error: missing ';' before '*'
C:\Users\Vasi\Desktop\New folder (2)\Hotel\Hotel\Visitor.h(10,13): error C4430: missing type specifier - int assumed. Note: C++ does not support default-int
C:\Users\Vasi\Desktop\New folder (2)\Hotel\Hotel\Visitor.h(10,26): error C2238: unexpected token(s) preceding ';'
C:\Users\Vasi\Desktop\New folder (2)\Hotel\Hotel\Visitor.h(18,39): error C4430: missing type specifier - int assumed. Note: C++ does not support default-int
C:\Users\Vasi\Desktop\New folder (2)\Hotel\Hotel\Visitor.h(18,39): error C2143: syntax error: missing ',' before '&'
C:\Users\Vasi\Desktop\New folder (2)\Hotel\Hotel\Visitor.h(22,19): error C4430: missing type specifier - int assumed. Note: C++ does not support default-int
C:\Users\Vasi\Desktop\New folder (2)\Hotel\Hotel\Visitor.h(22,19): error C2143: syntax error: missing ';' before '*'
C:\Users\Vasi\Desktop\New folder (2)\Hotel\Hotel\Visitor.h(22,43): error C2238: unexpected token(s) preceding ';'
  UAI.cpp
C:\Users\Vasi\Desktop\New folder (2)\Hotel\Hotel\Visitor.h(10,13): error C2143: syntax error: missing ';' before '*'
C:\Users\Vasi\Desktop\New folder (2)\Hotel\Hotel\Visitor.h(10,13): error C4430: missing type specifier - int assumed. Note: C++ does not support default-int
C:\Users\Vasi\Desktop\New folder (2)\Hotel\Hotel\Visitor.h(10,26): error C2238: unexpected token(s) preceding ';'
C:\Users\Vasi\Desktop\New folder (2)\Hotel\Hotel\Visitor.h(18,39): error C4430: missing type specifier - int assumed. Note: C++ does not support default-int
C:\Users\Vasi\Desktop\New folder (2)\Hotel\Hotel\Visitor.h(18,39): error C2143: syntax error: missing ',' before '&'
C:\Users\Vasi\Desktop\New folder (2)\Hotel\Hotel\Visitor.h(22,19): error C4430: missing type specifier - int assumed. Note: C++ does not support default-int
C:\Users\Vasi\Desktop\New folder (2)\Hotel\Hotel\Visitor.h(22,19): error C2143: syntax error: missing ';' before '*'
C:\Users\Vasi\Desktop\New folder (2)\Hotel\Hotel\Visitor.h(22,43): error C2238: unexpected token(s) preceding ';'
  Visitor.cpp
C:\Users\Vasi\Desktop\New folder (2)\Hotel\Hotel\Reservation.h(9,10): error C3646: 'visitor': unknown override specifier
C:\Users\Vasi\Desktop\New folder (2)\Hotel\Hotel\Reservation.h(9,17): error C4430: missing type specifier - int assumed. Note: C++ does not support default-int
  Generating Code...
